<?xml version="1.0" encoding="UTF-8"?>
<!-- Generated by org.testng.reporters.JUnitReportReporter -->
<testsuite skipped="0" hostname="Above-PC" name="SignInTest" tests="1" failures="0" timestamp="26 Sep 2018 06:27:33 GMT" time="31.669" errors="0">
  <testcase name="shouldThrowAnErrorIfSignInDetailsAreMissing" time="31.669" classname="SignInTest"/>
</testsuite> <!-- SignInTest -->
