<?xml version="1.0" encoding="UTF-8"?>
<!-- Generated by org.testng.reporters.JUnitReportReporter -->
<testsuite skipped="0" hostname="Above-PC" name="HotelBookingTest" tests="1" failures="0" timestamp="26 Sep 2018 09:42:56 GMT" time="26.420" errors="0">
  <testcase name="shouldBeAbleToSearchForHotels" time="26.420" classname="HotelBookingTest"/>
</testsuite> <!-- HotelBookingTest -->
