<?xml version="1.0" encoding="UTF-8"?>
<!-- Generated by org.testng.reporters.JUnitReportReporter -->
<testsuite skipped="0" hostname="Above-PC" name="HotelBookingTest2" tests="1" failures="0" timestamp="26 Sep 2018 11:21:24 GMT" time="23.635" errors="0">
  <testcase name="shouldBeAbleToSearchForHotels" time="23.635" classname="HotelBookingTest2"/>
</testsuite> <!-- HotelBookingTest2 -->
